<?xml version="1.0" encoding="UTF-8"?>
<robot generator="Robot 7.4.1 (Python 3.12.3 on win32)" generated="2026-02-28T11:06:03.461585" rpa="false" schemaversion="5">
<suite id="s1" name="HybridRobotFramework" source="C:\HybridRobotFramework">
<suite id="s1-s1" name="Tests" source="C:\HybridRobotFramework\Tests">
<suite id="s1-s1-s1" name="UI" source="C:\HybridRobotFramework\Tests\UI">
<suite id="s1-s1-s1-s1" name="Test Login Ddt" source="C:\HybridRobotFramework\Tests\UI\test_login_ddt.robot">
<test id="s1-s1-s1-s1-t1" name="Login Ddt Test" line="7">
<tag>ddt</tag>
<status status="FAIL" start="2026-02-28T11:06:04.171128" elapsed="0.023985">Test cannot be empty.</status>
</test>
<status status="FAIL" start="2026-02-28T11:06:03.621486" elapsed="0.601610"/>
</suite>
<status status="FAIL" start="2026-02-28T11:06:03.593505" elapsed="0.691553"/>
</suite>
<status status="FAIL" start="2026-02-28T11:06:03.554527" elapsed="0.767508"/>
</suite>
<status status="FAIL" start="2026-02-28T11:06:03.476575" elapsed="0.883435"/>
</suite>
<statistics>
<total>
<stat pass="0" fail="1" skip="0">All Tests</stat>
</total>
<tag>
<stat pass="0" fail="1" skip="0">ddt</stat>
</tag>
<suite>
<stat name="HybridRobotFramework" id="s1" pass="0" fail="1" skip="0">HybridRobotFramework</stat>
<stat name="Tests" id="s1-s1" pass="0" fail="1" skip="0">HybridRobotFramework.Tests</stat>
<stat name="UI" id="s1-s1-s1" pass="0" fail="1" skip="0">HybridRobotFramework.Tests.UI</stat>
<stat name="Test Login Ddt" id="s1-s1-s1-s1" pass="0" fail="1" skip="0">HybridRobotFramework.Tests.UI.Test Login Ddt</stat>
</suite>
</statistics>
<errors>
<msg time="2026-02-28T11:06:04.109515" level="ERROR">[ DataDriver ] Error in robot file:
  File "C:\HybridRobotFramework\Tests\UI\test_login_ddt.robot", line 0</msg>
<msg time="2026-02-28T11:06:04.117159" level="ERROR">In source file:
  File "../TestData/login_data.xlsx", line 0</msg>
<msg time="2026-02-28T11:06:04.131155" level="ERROR">Calling method '_start_suite' of listener 'DataDriver' failed: FileNotFoundError: File attribute was not a full path. Tried to find C:\HybridRobotFramework\Tests\UI\..\TestData\login_data.xlsx but file does not exist.</msg>
</errors>
</robot>
